The system is: Darwin - 20.6.0 - x86_64
Compiling the CXX compiler identification source file "CMakeCXXCompilerId.cpp" succeeded.
Compiler: /usr/local/opt/llvm/bin/clang++ 
Build flags: 
Id flags:  

The output was:
0


Compilation of the CXX compiler identification source "CMakeCXXCompilerId.cpp" produced "a.out"

The CXX compiler identification is Clang, found in "/Users/harrisonlabollita/software/fun/tinycthyb/build/CMakeFiles/3.24.2/CompilerIdCXX/a.out"

Detecting CXX compiler ABI info compiled with the following output:
Change Dir: /Users/harrisonlabollita/software/fun/tinycthyb/build/CMakeFiles/CMakeTmp

Run Build Command(s):/usr/bin/make -f Makefile cmTC_4963b/fast && /Applications/Xcode.app/Contents/Developer/usr/bin/make  -f CMakeFiles/cmTC_4963b.dir/build.make CMakeFiles/cmTC_4963b.dir/build
Building CXX object CMakeFiles/cmTC_4963b.dir/CMakeCXXCompilerABI.cpp.o
/usr/local/opt/llvm/bin/clang++   -isysroot /Applications/Xcode.app/Contents/Developer/Platforms/MacOSX.platform/Developer/SDKs/MacOSX11.3.sdk   -v -Wl,-v -MD -MT CMakeFiles/cmTC_4963b.dir/CMakeCXXCompilerABI.cpp.o -MF CMakeFiles/cmTC_4963b.dir/CMakeCXXCompilerABI.cpp.o.d -o CMakeFiles/cmTC_4963b.dir/CMakeCXXCompilerABI.cpp.o -c /usr/local/Cellar/cmake/3.24.2/share/cmake/Modules/CMakeCXXCompilerABI.cpp
Homebrew clang version 15.0.2
Target: x86_64-apple-darwin20.6.0
Thread model: posix
InstalledDir: /usr/local/opt/llvm/bin
clang-15: warning: -Wl,-v: 'linker' input unused [-Wunused-command-line-argument]
 (in-process)
 "/usr/local/Cellar/llvm/15.0.2/bin/clang-15" -cc1 -triple x86_64-apple-macosx11.0.0 -Wundef-prefix=TARGET_OS_ -Werror=undef-prefix -Wdeprecated-objc-isa-usage -Werror=deprecated-objc-isa-usage -emit-obj -mrelax-all --mrelax-relocations -disable-free -clear-ast-before-backend -disable-llvm-verifier -discard-value-names -main-file-name CMakeCXXCompilerABI.cpp -mrelocation-model pic -pic-level 2 -mframe-pointer=all -ffp-contract=on -fno-rounding-math -funwind-tables=2 -target-sdk-version=11.3 -fcompatibility-qualified-id-block-type-checking -fvisibility-inlines-hidden-static-local-var -target-cpu penryn -tune-cpu generic -mllvm -treat-scalable-fixed-error-as-warning -debugger-tuning=lldb -target-linker-version 711 -v -fcoverage-compilation-dir=/Users/harrisonlabollita/software/fun/tinycthyb/build/CMakeFiles/CMakeTmp -resource-dir /usr/local/Cellar/llvm/15.0.2/lib/clang/15.0.2 -dependency-file CMakeFiles/cmTC_4963b.dir/CMakeCXXCompilerABI.cpp.o.d -MT CMakeFiles/cmTC_4963b.dir/CMakeCXXCompilerABI.cpp.o -sys-header-deps -isysroot /Applications/Xcode.app/Contents/Developer/Platforms/MacOSX.platform/Developer/SDKs/MacOSX11.3.sdk -stdlib=libc++ -internal-isystem /usr/local/opt/llvm/bin/../include/c++/v1 -internal-isystem /Applications/Xcode.app/Contents/Developer/Platforms/MacOSX.platform/Developer/SDKs/MacOSX11.3.sdk/usr/local/include -internal-isystem /usr/local/Cellar/llvm/15.0.2/lib/clang/15.0.2/include -internal-externc-isystem /Applications/Xcode.app/Contents/Developer/Platforms/MacOSX.platform/Developer/SDKs/MacOSX11.3.sdk/usr/include -fdeprecated-macro -fdebug-compilation-dir=/Users/harrisonlabollita/software/fun/tinycthyb/build/CMakeFiles/CMakeTmp -ferror-limit 19 -stack-protector 1 -fblocks -fencode-extended-block-signature -fregister-global-dtors-with-atexit -fgnuc-version=4.2.1 -fcxx-exceptions -fexceptions -fmax-type-align=16 -D__GCC_HAVE_DWARF2_CFI_ASM=1 -o CMakeFiles/cmTC_4963b.dir/CMakeCXXCompilerABI.cpp.o -x c++ /usr/local/Cellar/cmake/3.24.2/share/cmake/Modules/CMakeCXXCompilerABI.cpp
clang -cc1 version 15.0.2 based upon LLVM 15.0.2 default target x86_64-apple-darwin20.6.0
ignoring nonexistent directory "/Applications/Xcode.app/Contents/Developer/Platforms/MacOSX.platform/Developer/SDKs/MacOSX11.3.sdk/usr/local/include"
ignoring nonexistent directory "/Applications/Xcode.app/Contents/Developer/Platforms/MacOSX.platform/Developer/SDKs/MacOSX11.3.sdk/Library/Frameworks"
#include "..." search starts here:
#include <...> search starts here:
 /usr/local/opt/llvm/bin/../include/c++/v1
 /usr/local/Cellar/llvm/15.0.2/lib/clang/15.0.2/include
 /Applications/Xcode.app/Contents/Developer/Platforms/MacOSX.platform/Developer/SDKs/MacOSX11.3.sdk/usr/include
 /Applications/Xcode.app/Contents/Developer/Platforms/MacOSX.platform/Developer/SDKs/MacOSX11.3.sdk/System/Library/Frameworks (framework directory)
End of search list.
Linking CXX executable cmTC_4963b
/usr/local/Cellar/cmake/3.24.2/bin/cmake -E cmake_link_script CMakeFiles/cmTC_4963b.dir/link.txt --verbose=1
/usr/local/opt/llvm/bin/clang++  -isysroot /Applications/Xcode.app/Contents/Developer/Platforms/MacOSX.platform/Developer/SDKs/MacOSX11.3.sdk -Wl,-search_paths_first -Wl,-headerpad_max_install_names  -v -Wl,-v CMakeFiles/cmTC_4963b.dir/CMakeCXXCompilerABI.cpp.o -o cmTC_4963b 
Homebrew clang version 15.0.2
Target: x86_64-apple-darwin20.6.0
Thread model: posix
InstalledDir: /usr/local/opt/llvm/bin
 "/opt/local/bin/ld" -demangle -lto_library /usr/local/Cellar/llvm/15.0.2/lib/libLTO.dylib -dynamic -arch x86_64 -platform_version macos 11.0.0 11.3 -syslibroot /Library/Developer/CommandLineTools/SDKs/MacOSX11.sdk -o cmTC_4963b -L/Users/harrisonlabollita/software/triqs_build/installation/lib -L/usr/local/opt/llvm/lib -L/Users/harrisonlabollita/software/triqs_build/installation/lib -L/usr/local/opt/llvm/lib -L. -search_paths_first -headerpad_max_install_names -v CMakeFiles/cmTC_4963b.dir/CMakeCXXCompilerABI.cpp.o -lc++ -lSystem /usr/local/Cellar/llvm/15.0.2/lib/clang/15.0.2/lib/darwin/libclang_rt.osx.a
@(#)PROGRAM:ld  PROJECT:ld64-650.9
BUILD 13:09:02 May 28 2021
configured to support archs: armv6 armv7 armv7s arm64 arm64e arm64_32 i386 x86_64 x86_64h armv6m armv7k armv7m armv7em
Library search paths:
	/Users/harrisonlabollita/software/triqs_build/installation/lib
	/usr/local/opt/llvm/lib
	/Users/harrisonlabollita/software/triqs_build/installation/lib
	/usr/local/opt/llvm/lib
	.
	/Library/Developer/CommandLineTools/SDKs/MacOSX11.sdk/usr/lib
Framework search paths:
	/Library/Developer/CommandLineTools/SDKs/MacOSX11.sdk/System/Library/Frameworks/



Parsed CXX implicit include dir info from above output: rv=done
  found start of include info
  found start of implicit include info
    add: [/usr/local/opt/llvm/bin/../include/c++/v1]
    add: [/usr/local/Cellar/llvm/15.0.2/lib/clang/15.0.2/include]
    add: [/Applications/Xcode.app/Contents/Developer/Platforms/MacOSX.platform/Developer/SDKs/MacOSX11.3.sdk/usr/include]
  end of search list found
  collapse include dir [/usr/local/opt/llvm/bin/../include/c++/v1] ==> [/usr/local/opt/llvm/include/c++/v1]
  collapse include dir [/usr/local/Cellar/llvm/15.0.2/lib/clang/15.0.2/include] ==> [/usr/local/Cellar/llvm/15.0.2/lib/clang/15.0.2/include]
  collapse include dir [/Applications/Xcode.app/Contents/Developer/Platforms/MacOSX.platform/Developer/SDKs/MacOSX11.3.sdk/usr/include] ==> [/Applications/Xcode.app/Contents/Developer/Platforms/MacOSX.platform/Developer/SDKs/MacOSX11.3.sdk/usr/include]
  implicit include dirs: [/usr/local/opt/llvm/include/c++/v1;/usr/local/Cellar/llvm/15.0.2/lib/clang/15.0.2/include;/Applications/Xcode.app/Contents/Developer/Platforms/MacOSX.platform/Developer/SDKs/MacOSX11.3.sdk/usr/include]


Parsed CXX implicit link information from above output:
  link line regex: [^( *|.*[/\])(ld\.lld|CMAKE_LINK_STARTFILE-NOTFOUND|([^/\]+-)?ld|collect2)[^/\]*( |$)]
  ignore line: [Change Dir: /Users/harrisonlabollita/software/fun/tinycthyb/build/CMakeFiles/CMakeTmp]
  ignore line: []
  ignore line: [Run Build Command(s):/usr/bin/make -f Makefile cmTC_4963b/fast && /Applications/Xcode.app/Contents/Developer/usr/bin/make  -f CMakeFiles/cmTC_4963b.dir/build.make CMakeFiles/cmTC_4963b.dir/build]
  ignore line: [Building CXX object CMakeFiles/cmTC_4963b.dir/CMakeCXXCompilerABI.cpp.o]
  ignore line: [/usr/local/opt/llvm/bin/clang++   -isysroot /Applications/Xcode.app/Contents/Developer/Platforms/MacOSX.platform/Developer/SDKs/MacOSX11.3.sdk   -v -Wl -v -MD -MT CMakeFiles/cmTC_4963b.dir/CMakeCXXCompilerABI.cpp.o -MF CMakeFiles/cmTC_4963b.dir/CMakeCXXCompilerABI.cpp.o.d -o CMakeFiles/cmTC_4963b.dir/CMakeCXXCompilerABI.cpp.o -c /usr/local/Cellar/cmake/3.24.2/share/cmake/Modules/CMakeCXXCompilerABI.cpp]
  ignore line: [Homebrew clang version 15.0.2]
  ignore line: [Target: x86_64-apple-darwin20.6.0]
  ignore line: [Thread model: posix]
  ignore line: [InstalledDir: /usr/local/opt/llvm/bin]
  ignore line: [clang-15: warning: -Wl -v: 'linker' input unused [-Wunused-command-line-argument]]
  ignore line: [ (in-process)]
  ignore line: [ "/usr/local/Cellar/llvm/15.0.2/bin/clang-15" -cc1 -triple x86_64-apple-macosx11.0.0 -Wundef-prefix=TARGET_OS_ -Werror=undef-prefix -Wdeprecated-objc-isa-usage -Werror=deprecated-objc-isa-usage -emit-obj -mrelax-all --mrelax-relocations -disable-free -clear-ast-before-backend -disable-llvm-verifier -discard-value-names -main-file-name CMakeCXXCompilerABI.cpp -mrelocation-model pic -pic-level 2 -mframe-pointer=all -ffp-contract=on -fno-rounding-math -funwind-tables=2 -target-sdk-version=11.3 -fcompatibility-qualified-id-block-type-checking -fvisibility-inlines-hidden-static-local-var -target-cpu penryn -tune-cpu generic -mllvm -treat-scalable-fixed-error-as-warning -debugger-tuning=lldb -target-linker-version 711 -v -fcoverage-compilation-dir=/Users/harrisonlabollita/software/fun/tinycthyb/build/CMakeFiles/CMakeTmp -resource-dir /usr/local/Cellar/llvm/15.0.2/lib/clang/15.0.2 -dependency-file CMakeFiles/cmTC_4963b.dir/CMakeCXXCompilerABI.cpp.o.d -MT CMakeFiles/cmTC_4963b.dir/CMakeCXXCompilerABI.cpp.o -sys-header-deps -isysroot /Applications/Xcode.app/Contents/Developer/Platforms/MacOSX.platform/Developer/SDKs/MacOSX11.3.sdk -stdlib=libc++ -internal-isystem /usr/local/opt/llvm/bin/../include/c++/v1 -internal-isystem /Applications/Xcode.app/Contents/Developer/Platforms/MacOSX.platform/Developer/SDKs/MacOSX11.3.sdk/usr/local/include -internal-isystem /usr/local/Cellar/llvm/15.0.2/lib/clang/15.0.2/include -internal-externc-isystem /Applications/Xcode.app/Contents/Developer/Platforms/MacOSX.platform/Developer/SDKs/MacOSX11.3.sdk/usr/include -fdeprecated-macro -fdebug-compilation-dir=/Users/harrisonlabollita/software/fun/tinycthyb/build/CMakeFiles/CMakeTmp -ferror-limit 19 -stack-protector 1 -fblocks -fencode-extended-block-signature -fregister-global-dtors-with-atexit -fgnuc-version=4.2.1 -fcxx-exceptions -fexceptions -fmax-type-align=16 -D__GCC_HAVE_DWARF2_CFI_ASM=1 -o CMakeFiles/cmTC_4963b.dir/CMakeCXXCompilerABI.cpp.o -x c++ /usr/local/Cellar/cmake/3.24.2/share/cmake/Modules/CMakeCXXCompilerABI.cpp]
  ignore line: [clang -cc1 version 15.0.2 based upon LLVM 15.0.2 default target x86_64-apple-darwin20.6.0]
  ignore line: [ignoring nonexistent directory "/Applications/Xcode.app/Contents/Developer/Platforms/MacOSX.platform/Developer/SDKs/MacOSX11.3.sdk/usr/local/include"]
  ignore line: [ignoring nonexistent directory "/Applications/Xcode.app/Contents/Developer/Platforms/MacOSX.platform/Developer/SDKs/MacOSX11.3.sdk/Library/Frameworks"]
  ignore line: [#include "..." search starts here:]
  ignore line: [#include <...> search starts here:]
  ignore line: [ /usr/local/opt/llvm/bin/../include/c++/v1]
  ignore line: [ /usr/local/Cellar/llvm/15.0.2/lib/clang/15.0.2/include]
  ignore line: [ /Applications/Xcode.app/Contents/Developer/Platforms/MacOSX.platform/Developer/SDKs/MacOSX11.3.sdk/usr/include]
  ignore line: [ /Applications/Xcode.app/Contents/Developer/Platforms/MacOSX.platform/Developer/SDKs/MacOSX11.3.sdk/System/Library/Frameworks (framework directory)]
  ignore line: [End of search list.]
  ignore line: [Linking CXX executable cmTC_4963b]
  ignore line: [/usr/local/Cellar/cmake/3.24.2/bin/cmake -E cmake_link_script CMakeFiles/cmTC_4963b.dir/link.txt --verbose=1]
  ignore line: [/usr/local/opt/llvm/bin/clang++  -isysroot /Applications/Xcode.app/Contents/Developer/Platforms/MacOSX.platform/Developer/SDKs/MacOSX11.3.sdk -Wl -search_paths_first -Wl -headerpad_max_install_names  -v -Wl -v CMakeFiles/cmTC_4963b.dir/CMakeCXXCompilerABI.cpp.o -o cmTC_4963b ]
  ignore line: [Homebrew clang version 15.0.2]
  ignore line: [Target: x86_64-apple-darwin20.6.0]
  ignore line: [Thread model: posix]
  ignore line: [InstalledDir: /usr/local/opt/llvm/bin]
  link line: [ "/opt/local/bin/ld" -demangle -lto_library /usr/local/Cellar/llvm/15.0.2/lib/libLTO.dylib -dynamic -arch x86_64 -platform_version macos 11.0.0 11.3 -syslibroot /Library/Developer/CommandLineTools/SDKs/MacOSX11.sdk -o cmTC_4963b -L/Users/harrisonlabollita/software/triqs_build/installation/lib -L/usr/local/opt/llvm/lib -L/Users/harrisonlabollita/software/triqs_build/installation/lib -L/usr/local/opt/llvm/lib -L. -search_paths_first -headerpad_max_install_names -v CMakeFiles/cmTC_4963b.dir/CMakeCXXCompilerABI.cpp.o -lc++ -lSystem /usr/local/Cellar/llvm/15.0.2/lib/clang/15.0.2/lib/darwin/libclang_rt.osx.a]
    arg [/opt/local/bin/ld] ==> ignore
    arg [-demangle] ==> ignore
    arg [-lto_library] ==> ignore, skip following value
    arg [/usr/local/Cellar/llvm/15.0.2/lib/libLTO.dylib] ==> skip value of -lto_library
    arg [-dynamic] ==> ignore
    arg [-arch] ==> ignore
    arg [x86_64] ==> ignore
    arg [-platform_version] ==> ignore
    arg [macos] ==> ignore
    arg [11.0.0] ==> ignore
    arg [11.3] ==> ignore
    arg [-syslibroot] ==> ignore
    arg [/Library/Developer/CommandLineTools/SDKs/MacOSX11.sdk] ==> ignore
    arg [-o] ==> ignore
    arg [cmTC_4963b] ==> ignore
    arg [-L/Users/harrisonlabollita/software/triqs_build/installation/lib] ==> dir [/Users/harrisonlabollita/software/triqs_build/installation/lib]
    arg [-L/usr/local/opt/llvm/lib] ==> dir [/usr/local/opt/llvm/lib]
    arg [-L/Users/harrisonlabollita/software/triqs_build/installation/lib] ==> dir [/Users/harrisonlabollita/software/triqs_build/installation/lib]
    arg [-L/usr/local/opt/llvm/lib] ==> dir [/usr/local/opt/llvm/lib]
    arg [-L.] ==> ignore
    arg [-search_paths_first] ==> ignore
    arg [-headerpad_max_install_names] ==> ignore
    arg [-v] ==> ignore
    arg [CMakeFiles/cmTC_4963b.dir/CMakeCXXCompilerABI.cpp.o] ==> ignore
    arg [-lc++] ==> lib [c++]
    arg [-lSystem] ==> lib [System]
    arg [/usr/local/Cellar/llvm/15.0.2/lib/clang/15.0.2/lib/darwin/libclang_rt.osx.a] ==> lib [/usr/local/Cellar/llvm/15.0.2/lib/clang/15.0.2/lib/darwin/libclang_rt.osx.a]
  Library search paths: [;/Users/harrisonlabollita/software/triqs_build/installation/lib;/usr/local/opt/llvm/lib;/Users/harrisonlabollita/software/triqs_build/installation/lib;/usr/local/opt/llvm/lib;.;/Library/Developer/CommandLineTools/SDKs/MacOSX11.sdk/usr/lib]
  Framework search paths: [;/Library/Developer/CommandLineTools/SDKs/MacOSX11.sdk/System/Library/Frameworks/]
  remove lib [System]
  remove lib [/usr/local/Cellar/llvm/15.0.2/lib/clang/15.0.2/lib/darwin/libclang_rt.osx.a]
  collapse library dir [/Users/harrisonlabollita/software/triqs_build/installation/lib] ==> [/Users/harrisonlabollita/software/triqs_build/installation/lib]
  collapse library dir [/usr/local/opt/llvm/lib] ==> [/usr/local/opt/llvm/lib]
  collapse library dir [/Users/harrisonlabollita/software/triqs_build/installation/lib] ==> [/Users/harrisonlabollita/software/triqs_build/installation/lib]
  collapse library dir [/usr/local/opt/llvm/lib] ==> [/usr/local/opt/llvm/lib]
  collapse library dir [/Users/harrisonlabollita/software/triqs_build/installation/lib] ==> [/Users/harrisonlabollita/software/triqs_build/installation/lib]
  collapse library dir [/usr/local/opt/llvm/lib] ==> [/usr/local/opt/llvm/lib]
  collapse library dir [/Users/harrisonlabollita/software/triqs_build/installation/lib] ==> [/Users/harrisonlabollita/software/triqs_build/installation/lib]
  collapse library dir [/usr/local/opt/llvm/lib] ==> [/usr/local/opt/llvm/lib]
  collapse library dir [.] ==> [/Users/harrisonlabollita/software/fun/tinycthyb/src]
  collapse library dir [/Library/Developer/CommandLineTools/SDKs/MacOSX11.sdk/usr/lib] ==> [/Library/Developer/CommandLineTools/SDKs/MacOSX11.sdk/usr/lib]
  collapse framework dir [/Library/Developer/CommandLineTools/SDKs/MacOSX11.sdk/System/Library/Frameworks/] ==> [/Library/Developer/CommandLineTools/SDKs/MacOSX11.sdk/System/Library/Frameworks]
  implicit libs: [c++]
  implicit objs: []
  implicit dirs: [/Users/harrisonlabollita/software/triqs_build/installation/lib;/usr/local/opt/llvm/lib;/Users/harrisonlabollita/software/fun/tinycthyb/src;/Library/Developer/CommandLineTools/SDKs/MacOSX11.sdk/usr/lib]
  implicit fwks: [/Library/Developer/CommandLineTools/SDKs/MacOSX11.sdk/System/Library/Frameworks]


